Traceback (most recent call last):
  File "/usr/local/python/3.12.1/lib/python3.12/site-packages/jupyter_cache/executors/utils.py", line 58, in single_nb_execution
    executenb(
  File "/home/codespace/.local/lib/python3.12/site-packages/nbclient/client.py", line 1314, in execute
    return NotebookClient(nb=nb, resources=resources, km=km, **kwargs).execute()
           ^^^^^^^^^^^^^^^^^^^^^^^^^^^^^^^^^^^^^^^^^^^^^^^^^^^^^^^^^^^^^^^^^^^^^
  File "/home/codespace/.local/lib/python3.12/site-packages/jupyter_core/utils/__init__.py", line 165, in wrapped
    return loop.run_until_complete(inner)
           ^^^^^^^^^^^^^^^^^^^^^^^^^^^^^^
  File "/usr/local/python/3.12.1/lib/python3.12/asyncio/base_events.py", line 684, in run_until_complete
    return future.result()
           ^^^^^^^^^^^^^^^
  File "/home/codespace/.local/lib/python3.12/site-packages/nbclient/client.py", line 709, in async_execute
    await self.async_execute_cell(
  File "/home/codespace/.local/lib/python3.12/site-packages/nbclient/client.py", line 1062, in async_execute_cell
    await self._check_raise_for_error(cell, cell_index, exec_reply)
  File "/home/codespace/.local/lib/python3.12/site-packages/nbclient/client.py", line 918, in _check_raise_for_error
    raise CellExecutionError.from_cell_and_msg(cell, exec_reply_content)
nbclient.exceptions.CellExecutionError: An error occurred while executing the following cell:
------------------
import psycopg2
import pymysql
import numpy as np
import pandas as pd
import seaborn as sns
import matplotlib.pyplot as plt
from sklearn.neighbors import NearestNeighbors

# ✅ Fungsi untuk mengambil data dari PostgreSQL
def get_pg_data():
    conn = psycopg2.connect(
        host="pg-29vania-vaniaptr008-f94a.k.aivencloud.com",
        user="avnadmin",
        password="AVNS_jN7GWD4QIOAFWBZiFM2",
        database="defaultdb",
        port=12525
    )
    cursor = conn.cursor()
    cursor.execute("SELECT * FROM iris_postgresql")  # Pastikan tabel ini ada!
    data = cursor.fetchall()
    columns = [desc[0] for desc in cursor.description]
    cursor.close()
    conn.close()
    return pd.DataFrame(data, columns=columns)

# ✅ Fungsi untuk mengambil data dari MySQL
def get_mysql_data():
    conn = pymysql.connect(
        host="mysql-25907135-mysqql.h.aivencloud.com",
        user="avnadmin",
        password="AVNS_-_iUzbq84ojauwfvOBS",
        database="defaultdb",
        port=12005
    )
    cursor = conn.cursor()
    cursor.execute("SELECT * FROM iris_mysql")  # Pastikan tabel ini ada!
    data = cursor.fetchall()
    columns = [desc[0] for desc in cursor.description]
    cursor.close()
    conn.close()
    return pd.DataFrame(data, columns=columns)

# ✅ Ambil data dari kedua database
df_postgresql = get_pg_data()
df_mysql = get_mysql_data()

# ✅ Gabungkan berdasarkan kolom 'id' & 'class'
df_merged = pd.merge(df_mysql, df_postgresql, on=["id", "class"], how="inner")

# ✅ Ambil data fitur numerik
feature_columns = ["petal_length", "petal_width", "sepal_length", "sepal_width"]
data_values = df_merged[feature_columns].values

# ✅ Fungsi KNN Outlier Detection
def knn_outlier_detection(data, k=90):
    neigh = NearestNeighbors(n_neighbors=k)
    neigh.fit(data)
    distances, _ = neigh.kneighbors(data)
    avg_distances = distances[:, -1]  # Ambil jarak k-terjauh sebagai skor
    return avg_distances

# ✅ Hitung K-NN distance
df_merged["knn_distance"] = knn_outlier_detection(data_values, k=90)

# ✅ Tentukan threshold sebagai nilai rata-rata + 2 standar deviasi
threshold = df_merged["knn_distance"].mean() + 2 * df_merged["knn_distance"].std()
df_merged["outlier_knn"] = df_merged["knn_distance"] > threshold

# ✅ Hapus data outlier
df_filtered = df_merged[~df_merged["outlier_knn"]]

# ✅ Cetak hasil setelah outlier dihapus
print(df_filtered.to_string(index=False))
print(f"\nJumlah data setelah outlier dihapus: {len(df_filtered)}")

# ✅ Visualisasi setelah outlier dihapus
plt.figure(figsize=(8, 6))
sns.scatterplot(
    x=df_filtered["sepal_length"], y=df_filtered["sepal_width"],
    hue=df_filtered["class"], palette="deep"
)
plt.title("Data Sepal setelah Outlier Dihapus")
plt.show()

plt.figure(figsize=(8, 6))
sns.scatterplot(
    x=df_filtered["petal_length"], y=df_filtered["petal_width"],
    hue=df_filtered["class"], palette="deep"
)
plt.title("Data Petal setelah Outlier Dihapus")
plt.show()
------------------


[0;31m---------------------------------------------------------------------------[0m
[0;31mModuleNotFoundError[0m                       Traceback (most recent call last)
Cell [0;32mIn[1], line 1[0m
[0;32m----> 1[0m [38;5;28;01mimport[39;00m [38;5;21;01mpsycopg2[39;00m
[1;32m      2[0m [38;5;28;01mimport[39;00m [38;5;21;01mpymysql[39;00m
[1;32m      3[0m [38;5;28;01mimport[39;00m [38;5;21;01mnumpy[39;00m [38;5;28;01mas[39;00m [38;5;21;01mnp[39;00m

[0;31mModuleNotFoundError[0m: No module named 'psycopg2'

