Traceback (most recent call last):
  File "C:\Users\raiha\AppData\Local\Packages\PythonSoftwareFoundation.Python.3.12_qbz5n2kfra8p0\LocalCache\local-packages\Python312\site-packages\jupyter_cache\executors\utils.py", line 58, in single_nb_execution
    executenb(
  File "C:\Users\raiha\AppData\Local\Packages\PythonSoftwareFoundation.Python.3.12_qbz5n2kfra8p0\LocalCache\local-packages\Python312\site-packages\nbclient\client.py", line 1314, in execute
    return NotebookClient(nb=nb, resources=resources, km=km, **kwargs).execute()
           ^^^^^^^^^^^^^^^^^^^^^^^^^^^^^^^^^^^^^^^^^^^^^^^^^^^^^^^^^^^^^^^^^^^^^
  File "C:\Users\raiha\AppData\Local\Packages\PythonSoftwareFoundation.Python.3.12_qbz5n2kfra8p0\LocalCache\local-packages\Python312\site-packages\jupyter_core\utils\__init__.py", line 165, in wrapped
    return loop.run_until_complete(inner)
           ^^^^^^^^^^^^^^^^^^^^^^^^^^^^^^
  File "C:\Program Files\WindowsApps\PythonSoftwareFoundation.Python.3.12_3.12.2800.0_x64__qbz5n2kfra8p0\Lib\asyncio\base_events.py", line 691, in run_until_complete
    return future.result()
           ^^^^^^^^^^^^^^^
  File "C:\Users\raiha\AppData\Local\Packages\PythonSoftwareFoundation.Python.3.12_qbz5n2kfra8p0\LocalCache\local-packages\Python312\site-packages\nbclient\client.py", line 709, in async_execute
    await self.async_execute_cell(
  File "C:\Users\raiha\AppData\Local\Packages\PythonSoftwareFoundation.Python.3.12_qbz5n2kfra8p0\LocalCache\local-packages\Python312\site-packages\nbclient\client.py", line 1062, in async_execute_cell
    await self._check_raise_for_error(cell, cell_index, exec_reply)
  File "C:\Users\raiha\AppData\Local\Packages\PythonSoftwareFoundation.Python.3.12_qbz5n2kfra8p0\LocalCache\local-packages\Python312\site-packages\nbclient\client.py", line 918, in _check_raise_for_error
    raise CellExecutionError.from_cell_and_msg(cell, exec_reply_content)
nbclient.exceptions.CellExecutionError: An error occurred while executing the following cell:
------------------
def get_pg_data():
    conn = psycopg2.connect(
        host="pg-29vania-vaniaptr008-f94a.k.aivencloud.com",
        user="avnadmin",
        password="AVNS_jN7GWD4QIOAFWBZiFM2",
        database="defaultdb",
        port=12525
    )
    cursor = conn.cursor()
    cursor.execute("SELECT * FROM iris_postgresql")  # Pastikan tabel ini ada!
    data = cursor.fetchall()
    columns = [desc[0] for desc in cursor.description]
    cursor.close()
    conn.close()
    return pd.DataFrame(data, columns=columns)

def get_mysql_data():
    conn = pymysql.connect(
        host="mysql-25907135-mysqql.h.aivencloud.com",
        user="avnadmin",
        password="AVNS_-_iUzbq84ojauwfvOBS",
        database="defaultdb",
        port=12005
    )
    cursor = conn.cursor()
    cursor.execute("SELECT * FROM iris_mysql")  # Pastikan tabel ini ada!
    data = cursor.fetchall()
    columns = [desc[0] for desc in cursor.description]
    cursor.close()
    conn.close()
    return pd.DataFrame(data, columns=columns)

# Ambil data dari kedua database
df_postgresql = get_pg_data()
df_mysql = get_mysql_data()

# Gabungkan berdasarkan kolom 'id' dan 'Class'
df_merged = pd.merge(df_mysql, df_postgresql, on=["id", "class"], how="inner")

# Cetak semua data hasil gabungan tanpa indeks
print(df_merged.to_string(index=False))
------------------


[1;31m---------------------------------------------------------------------------[0m
[1;31mOperationalError[0m                          Traceback (most recent call last)
Cell [1;32mIn[3], line 34[0m
[0;32m     31[0m     [38;5;28;01mreturn[39;00m pd[38;5;241m.[39mDataFrame(data, columns[38;5;241m=[39mcolumns)
[0;32m     33[0m [38;5;66;03m# Ambil data dari kedua database[39;00m
[1;32m---> 34[0m df_postgresql [38;5;241m=[39m [43mget_pg_data[49m[43m([49m[43m)[49m
[0;32m     35[0m df_mysql [38;5;241m=[39m get_mysql_data()
[0;32m     37[0m [38;5;66;03m# Gabungkan berdasarkan kolom 'id' dan 'Class'[39;00m

Cell [1;32mIn[3], line 2[0m, in [0;36mget_pg_data[1;34m()[0m
[0;32m      1[0m [38;5;28;01mdef[39;00m [38;5;21mget_pg_data[39m():
[1;32m----> 2[0m     conn [38;5;241m=[39m [43mpsycopg2[49m[38;5;241;43m.[39;49m[43mconnect[49m[43m([49m
[0;32m      3[0m [43m        [49m[43mhost[49m[38;5;241;43m=[39;49m[38;5;124;43m"[39;49m[38;5;124;43mpg-29vania-vaniaptr008-f94a.k.aivencloud.com[39;49m[38;5;124;43m"[39;49m[43m,[49m
[0;32m      4[0m [43m        [49m[43muser[49m[38;5;241;43m=[39;49m[38;5;124;43m"[39;49m[38;5;124;43mavnadmin[39;49m[38;5;124;43m"[39;49m[43m,[49m
[0;32m      5[0m [43m        [49m[43mpassword[49m[38;5;241;43m=[39;49m[38;5;124;43m"[39;49m[38;5;124;43mAVNS_jN7GWD4QIOAFWBZiFM2[39;49m[38;5;124;43m"[39;49m[43m,[49m
[0;32m      6[0m [43m        [49m[43mdatabase[49m[38;5;241;43m=[39;49m[38;5;124;43m"[39;49m[38;5;124;43mdefaultdb[39;49m[38;5;124;43m"[39;49m[43m,[49m
[0;32m      7[0m [43m        [49m[43mport[49m[38;5;241;43m=[39;49m[38;5;241;43m12525[39;49m
[0;32m      8[0m [43m    [49m[43m)[49m
[0;32m      9[0m     cursor [38;5;241m=[39m conn[38;5;241m.[39mcursor()
[0;32m     10[0m     cursor[38;5;241m.[39mexecute([38;5;124m"[39m[38;5;124mSELECT * FROM iris_postgresql[39m[38;5;124m"[39m)  [38;5;66;03m# Pastikan tabel ini ada![39;00m

File [1;32m~\AppData\Local\Packages\PythonSoftwareFoundation.Python.3.12_qbz5n2kfra8p0\LocalCache\local-packages\Python312\site-packages\psycopg2\__init__.py:122[0m, in [0;36mconnect[1;34m(dsn, connection_factory, cursor_factory, **kwargs)[0m
[0;32m    119[0m     kwasync[[38;5;124m'[39m[38;5;124masync_[39m[38;5;124m'[39m] [38;5;241m=[39m kwargs[38;5;241m.[39mpop([38;5;124m'[39m[38;5;124masync_[39m[38;5;124m'[39m)
[0;32m    121[0m dsn [38;5;241m=[39m _ext[38;5;241m.[39mmake_dsn(dsn, [38;5;241m*[39m[38;5;241m*[39mkwargs)
[1;32m--> 122[0m conn [38;5;241m=[39m [43m_connect[49m[43m([49m[43mdsn[49m[43m,[49m[43m [49m[43mconnection_factory[49m[38;5;241;43m=[39;49m[43mconnection_factory[49m[43m,[49m[43m [49m[38;5;241;43m*[39;49m[38;5;241;43m*[39;49m[43mkwasync[49m[43m)[49m
[0;32m    123[0m [38;5;28;01mif[39;00m cursor_factory [38;5;129;01mis[39;00m [38;5;129;01mnot[39;00m [38;5;28;01mNone[39;00m:
[0;32m    124[0m     conn[38;5;241m.[39mcursor_factory [38;5;241m=[39m cursor_factory

[1;31mOperationalError[0m: could not translate host name "pg-29vania-vaniaptr008-f94a.k.aivencloud.com" to address: No such host is known. 


